<?xml version="1.0" encoding="UTF-8"?>
<testng-results ignored="0" total="1" passed="1" failed="0" skipped="0">
  <reporter-output>
  </reporter-output>
  <suite started-at="2023-02-27T06:41:55Z" name="Default suite" finished-at="2023-02-27T06:42:16Z" duration-ms="20764">
    <groups>
    </groups>
    <test started-at="2023-02-27T06:41:55Z" name="Default test" finished-at="2023-02-27T06:42:16Z" duration-ms="20764">
      <class name="com.makemytrip.SearchForTheFlight">
        <test-method is-config="true" signature="classsetup()[pri:0, instance:com.makemytrip.SearchForTheFlight@82ea68c]" started-at="2023-02-27T06:41:55Z" name="classsetup" finished-at="2023-02-27T06:42:03Z" duration-ms="7578" status="PASS">
          <reporter-output>
          </reporter-output>
        </test-method> <!-- classsetup -->
        <test-method signature="searchForFlight()[pri:0, instance:com.makemytrip.SearchForTheFlight@82ea68c]" started-at="2023-02-27T06:42:03Z" name="searchForFlight" finished-at="2023-02-27T06:42:16Z" duration-ms="13151" status="PASS">
          <reporter-output>
          </reporter-output>
        </test-method> <!-- searchForFlight -->
      </class> <!-- com.makemytrip.SearchForTheFlight -->
    </test> <!-- Default test -->
  </suite> <!-- Default suite -->
</testng-results>
